0 info it worked if it ends with ok
1 verbose cli [ '/usr/bin/nodejs',
1 verbose cli   '/usr/bin/npm',
1 verbose cli   'install',
1 verbose cli   'angularjs@1.2.16' ]
2 info using npm@1.3.10
3 info using node@v0.10.25
4 warn package.json todo-pouch@1.0.0 No repository field.
5 warn package.json todo-pouch@1.0.0 No README data
6 verbose readDependencies using package.json deps
7 verbose cache add [ 'angularjs@1.2.16', null ]
8 verbose cache add name=undefined spec="angularjs@1.2.16" args=["angularjs@1.2.16",null]
9 verbose parsed url { protocol: null,
9 verbose parsed url   slashes: null,
9 verbose parsed url   auth: null,
9 verbose parsed url   host: null,
9 verbose parsed url   port: null,
9 verbose parsed url   hostname: null,
9 verbose parsed url   hash: null,
9 verbose parsed url   search: null,
9 verbose parsed url   query: null,
9 verbose parsed url   pathname: 'angularjs@1.2.16',
9 verbose parsed url   path: 'angularjs@1.2.16',
9 verbose parsed url   href: 'angularjs@1.2.16' }
10 verbose cache add name="angularjs" spec="1.2.16" args=["angularjs","1.2.16"]
11 verbose parsed url { protocol: null,
11 verbose parsed url   slashes: null,
11 verbose parsed url   auth: null,
11 verbose parsed url   host: null,
11 verbose parsed url   port: null,
11 verbose parsed url   hostname: null,
11 verbose parsed url   hash: null,
11 verbose parsed url   search: null,
11 verbose parsed url   query: null,
11 verbose parsed url   pathname: '1.2.16',
11 verbose parsed url   path: '1.2.16',
11 verbose parsed url   href: '1.2.16' }
12 verbose addNamed [ 'angularjs', '1.2.16' ]
13 verbose addNamed [ '1.2.16', '1.2.16' ]
14 silly lockFile 24fbfa05-angularjs-1-2-16 angularjs@1.2.16
15 verbose lock angularjs@1.2.16 /home/samlx/.npm/24fbfa05-angularjs-1-2-16.lock
16 verbose url raw angularjs/1.2.16
17 verbose url resolving [ 'https://registry.npmjs.org/', './angularjs/1.2.16' ]
18 verbose url resolved https://registry.npmjs.org/angularjs/1.2.16
19 info trying registry request attempt 1 at 08:14:49
20 http GET https://registry.npmjs.org/angularjs/1.2.16
21 http 404 https://registry.npmjs.org/angularjs/1.2.16
22 silly registry.get cb [ 404,
22 silly registry.get   { server: 'CouchDB/1.5.0 (Erlang OTP/R16B03)',
22 silly registry.get     etag: '"DA6I6I6ODII1GLDRMQ0ARHNLK"',
22 silly registry.get     'content-type': 'application/json',
22 silly registry.get     'cache-control': 'max-age=0',
22 silly registry.get     'content-length': '37',
22 silly registry.get     'accept-ranges': 'bytes',
22 silly registry.get     date: 'Sun, 29 Nov 2015 07:14:51 GMT',
22 silly registry.get     via: '1.1 varnish',
22 silly registry.get     age: '0',
22 silly registry.get     connection: 'keep-alive',
22 silly registry.get     'x-served-by': 'cache-lhr6332-LHR',
22 silly registry.get     'x-cache': 'MISS',
22 silly registry.get     'x-cache-hits': '0',
22 silly registry.get     'x-timer': 'S1448781290.859445,VS0,VE356',
22 silly registry.get     vary: 'Accept' } ]
23 silly lockFile 24fbfa05-angularjs-1-2-16 angularjs@1.2.16
24 silly lockFile 24fbfa05-angularjs-1-2-16 angularjs@1.2.16
25 error Error: version not found: 1.2.16 : angularjs/1.2.16
25 error     at RegClient.<anonymous> (/usr/share/npm/node_modules/npm-registry-client/lib/request.js:272:14)
25 error     at Request.self.callback (/usr/lib/nodejs/request/index.js:148:22)
25 error     at Request.EventEmitter.emit (events.js:98:17)
25 error     at Request.<anonymous> (/usr/lib/nodejs/request/index.js:896:14)
25 error     at Request.EventEmitter.emit (events.js:117:20)
25 error     at IncomingMessage.<anonymous> (/usr/lib/nodejs/request/index.js:847:12)
25 error     at IncomingMessage.EventEmitter.emit (events.js:117:20)
25 error     at _stream_readable.js:920:16
25 error     at process._tickCallback (node.js:415:13)
26 error If you need help, you may report this log at:
26 error     <http://github.com/isaacs/npm/issues>
26 error or email it to:
26 error     <npm-@googlegroups.com>
27 error System Linux 3.13.0-68-generic
28 error command "/usr/bin/nodejs" "/usr/bin/npm" "install" "angularjs@1.2.16"
29 error cwd /home/samlx/Development/AngularJS/todo-pouch
30 error node -v v0.10.25
31 error npm -v 1.3.10
32 verbose exit [ 1, true ]
